<?xml version="1.0" encoding="UTF-8"?>
<!-- Generated by org.testng.reporters.JUnitReportReporter -->
<testsuite hostname="DESKTOP-VI8II6H" failures="0" tests="2" name="com.practice.proj.TestSelenium" time="14.724" errors="0" timestamp="2026-04-22T11:28:15 IST" skipped="0">
  <testcase classname="com.practice.proj.TestSelenium" name="registrationSuccessful" time="5.622"/>
  <testcase classname="com.practice.proj.TestSelenium" name="loginSuccessful" time="9.102"/>
</testsuite> <!-- com.practice.proj.TestSelenium -->
