<?xml version="1.0" encoding="UTF-8"?>
<testng-results ignored="0" total="2" passed="2" failed="0" skipped="0">
  <reporter-output>
  </reporter-output>
  <suite started-at="2026-04-22T11:27:53 IST" name="Default suite" finished-at="2026-04-22T11:28:15 IST" duration-ms="22058">
    <groups>
    </groups>
    <test started-at="2026-04-22T11:27:53 IST" name="Default test" finished-at="2026-04-22T11:28:15 IST" duration-ms="22058">
      <class name="com.practice.proj.TestSelenium">
        <test-method is-config="true" signature="setUp()[pri:0, instance:com.practice.proj.TestSelenium@53045c6c]" started-at="2026-04-22T11:27:53 IST" name="setUp" finished-at="2026-04-22T11:27:59 IST" duration-ms="6325" status="PASS">
          <reporter-output>
          </reporter-output>
        </test-method> <!-- setUp -->
        <test-method signature="registrationSuccessful()[pri:1, instance:com.practice.proj.TestSelenium@53045c6c]" started-at="2026-04-22T11:27:59 IST" name="registrationSuccessful" finished-at="2026-04-22T11:28:05 IST" duration-ms="5622" status="PASS">
          <reporter-output>
          </reporter-output>
        </test-method> <!-- registrationSuccessful -->
        <test-method signature="loginSuccessful()[pri:2, instance:com.practice.proj.TestSelenium@53045c6c]" started-at="2026-04-22T11:28:05 IST" name="loginSuccessful" finished-at="2026-04-22T11:28:14 IST" duration-ms="9102" status="PASS">
          <reporter-output>
          </reporter-output>
        </test-method> <!-- loginSuccessful -->
        <test-method is-config="true" signature="closeMethod()[pri:0, instance:com.practice.proj.TestSelenium@53045c6c]" started-at="2026-04-22T11:28:14 IST" name="closeMethod" finished-at="2026-04-22T11:28:15 IST" duration-ms="931" status="PASS">
          <reporter-output>
          </reporter-output>
        </test-method> <!-- closeMethod -->
      </class> <!-- com.practice.proj.TestSelenium -->
    </test> <!-- Default test -->
  </suite> <!-- Default suite -->
</testng-results>
